<?xml version="1.0" encoding="UTF-8"?>
<!-- Generated by org.testng.reporters.JUnitReportReporter -->
<testsuite hostname="LAPTOP-8C957R94" failures="0" tests="2" name="testCases.TC_LoginTest" time="7.876" errors="0" timestamp="2025-09-15T03:05:22 IST" skipped="0">
  <testcase classname="testCases.TC_LoginTest" name="verifyLogin" time="4.145"/>
  <testcase classname="testCases.TC_LoginTest" name="verifyLogin" time="3.731"/>
</testsuite> <!-- testCases.TC_LoginTest -->
