<?xml version="1.0" encoding="UTF-8"?>
<!-- Generated by org.testng.reporters.JUnitReportReporter -->
<testsuite hostname="LAPTOP-8C957R94" failures="0" tests="1" name="testCases.TC_LoginTest" time="3.843" errors="0" timestamp="2025-09-15T15:26:14 IST" skipped="0">
  <testcase classname="testCases.TC_LoginTest" name="verifyLogin" time="3.843"/>
</testsuite> <!-- testCases.TC_LoginTest -->
